<?xml version="1.0" encoding="UTF-8"?>
<!-- Generated by org.testng.reporters.JUnitReportReporter -->
<testsuite skipped="0" hostname="ESMADLPT075" name="es.payvision.tests.TestFilterAction" tests="1" failures="0" timestamp="26 jul 2018 08:20:14 GMT" time="1.549" errors="0">
  <testcase name="TestFilterActionSuccessfull" time="1.549" classname="es.payvision.tests.TestFilterAction"/>
</testsuite> <!-- es.payvision.tests.TestFilterAction -->
