<?xml version="1.0" encoding="UTF-8"?>
<!-- Generated by org.testng.reporters.JUnitReportReporter -->
<testsuite skipped="0" hostname="ESMADLPT075" name="es.payvision.tests.TestFilterPaymentAction" tests="4" failures="0" timestamp="27 jul 2018 18:41:46 GMT" time="0.577" errors="0">
  <testcase name="TestFilterPaymentSuccessfull" time="0.143" classname="es.payvision.tests.TestFilterPaymentAction"/>
  <testcase name="TestFilterPaymentByWrongId" time="0.140" classname="es.payvision.tests.TestFilterPaymentAction"/>
  <testcase name="TestFilterPaymentUnsuccessfull" time="0.136" classname="es.payvision.tests.TestFilterPaymentAction"/>
  <testcase name="TestFilterPaymentById" time="0.158" classname="es.payvision.tests.TestFilterPaymentAction"/>
</testsuite> <!-- es.payvision.tests.TestFilterPaymentAction -->
