<?xml version="1.0" encoding="UTF-8"?>
<!-- Generated by org.testng.reporters.JUnitReportReporter -->
<testsuite skipped="0" hostname="ESMADLPT075" name="es.payvision.tests.TestFilterCreditPayment" tests="4" failures="0" timestamp="26 jul 2018 20:23:53 GMT" time="3.025" errors="0">
  <testcase name="TestFilterCreditByWrongId" time="0.153" classname="es.payvision.tests.TestFilterCreditPayment"/>
  <testcase name="TestFilterCreditUnsuccessfull" time="0.126" classname="es.payvision.tests.TestFilterCreditPayment"/>
  <testcase name="TestFilterCreditById" time="2.619" classname="es.payvision.tests.TestFilterCreditPayment"/>
  <testcase name="TestFilterCreditSuccessfull" time="0.127" classname="es.payvision.tests.TestFilterCreditPayment"/>
</testsuite> <!-- es.payvision.tests.TestFilterCreditPayment -->
