<?xml version="1.0" encoding="UTF-8"?>
<!-- Generated by org.testng.reporters.JUnitReportReporter -->
<testsuite skipped="0" hostname="ESMADLPT075" name="es.payvision.tests.TestAuthorizationRequestUnsuccessful" tests="3" failures="0" timestamp="27 jul 2018 18:41:46 GMT" time="1.727" errors="0">
  <testcase name="TestGetNoAuth" time="0.165" classname="es.payvision.tests.TestAuthorizationRequestUnsuccessful"/>
  <testcase name="TestGetBasicAuthWrongUser" time="0.138" classname="es.payvision.tests.TestAuthorizationRequestUnsuccessful"/>
  <testcase name="TestGetBasicAuthWrongPass" time="1.424" classname="es.payvision.tests.TestAuthorizationRequestUnsuccessful"/>
</testsuite> <!-- es.payvision.tests.TestAuthorizationRequestUnsuccessful -->
