<?xml version="1.0" encoding="UTF-8"?>
<!-- Generated by org.testng.reporters.JUnitReportReporter -->
<testsuite skipped="0" hostname="ESMADLPT075" name="es.payvision.tests.TestFilterActionAndCurrency" tests="4" failures="0" timestamp="27 jul 2018 18:41:46 GMT" time="0.549" errors="0">
  <testcase name="TestFilterActionAndCurrencySuccessfull" time="0.127" classname="es.payvision.tests.TestFilterActionAndCurrency"/>
  <testcase name="TestFilterActionAndCurrencyById" time="0.153" classname="es.payvision.tests.TestFilterActionAndCurrency"/>
  <testcase name="TestFilterActionAndCurrencyByWrongId" time="0.139" classname="es.payvision.tests.TestFilterActionAndCurrency"/>
  <testcase name="TestFilterActionAndCurrencyUnsuccessfull" time="0.130" classname="es.payvision.tests.TestFilterActionAndCurrency"/>
</testsuite> <!-- es.payvision.tests.TestFilterActionAndCurrency -->
