<?xml version="1.0" encoding="UTF-8"?>
<!-- Generated by org.testng.reporters.JUnitReportReporter -->
<testsuite skipped="0" hostname="ESMADLPT075" name="es.payvision.tests.TestAuthorizationRequestSuccessful" tests="1" failures="0" timestamp="27 jul 2018 18:41:46 GMT" time="0.160" errors="0">
  <testcase name="TestGetBasicAuthValidUserPassword" time="0.160" classname="es.payvision.tests.TestAuthorizationRequestSuccessful"/>
</testsuite> <!-- es.payvision.tests.TestAuthorizationRequestSuccessful -->
