<?xml version="1.0" encoding="UTF-8"?>
<!-- Generated by org.testng.reporters.JUnitReportReporter -->
<testsuite skipped="0" hostname="ESMADLPT075" name="es.payvision.tests.TestCurrencyCode" tests="4" failures="0" timestamp="27 jul 2018 18:41:46 GMT" time="0.608" errors="0">
  <testcase name="TestCurrencyCodeUnsuccessfull" time="0.152" classname="es.payvision.tests.TestCurrencyCode"/>
  <testcase name="TestCurrencyCodeById" time="0.175" classname="es.payvision.tests.TestCurrencyCode"/>
  <testcase name="TestCurrencyCodeByWrongId" time="0.148" classname="es.payvision.tests.TestCurrencyCode"/>
  <testcase name="TestCurrencyCodeSuccessfull" time="0.133" classname="es.payvision.tests.TestCurrencyCode"/>
</testsuite> <!-- es.payvision.tests.TestCurrencyCode -->
