<?xml version="1.0" encoding="UTF-8"?>
<!-- Generated by org.testng.reporters.JUnitReportReporter -->
<testsuite skipped="0" hostname="ESMADLPT075" name="es.payvision.tests.TestFilterCreditAction" tests="4" failures="0" timestamp="27 jul 2018 18:41:46 GMT" time="0.931" errors="0">
  <testcase name="TestFilterCreditById" time="0.492" classname="es.payvision.tests.TestFilterCreditAction"/>
  <testcase name="TestFilterCreditByWrongId" time="0.145" classname="es.payvision.tests.TestFilterCreditAction"/>
  <testcase name="TestFilterCreditUnsuccessfull" time="0.139" classname="es.payvision.tests.TestFilterCreditAction"/>
  <testcase name="TestFilterCreditSuccessfull" time="0.155" classname="es.payvision.tests.TestFilterCreditAction"/>
</testsuite> <!-- es.payvision.tests.TestFilterCreditAction -->
