<?xml version="1.0" encoding="UTF-8"?>
<!-- Generated by org.testng.reporters.JUnitReportReporter -->
<testsuite skipped="0" hostname="ESMADLPT075" name="es.payvision.tests.TestAuthorizationRequest" tests="4" failures="0" timestamp="25 jul 2018 15:20:17 GMT" time="2.624" errors="0">
  <testcase name="TestGetBasicAuthWrongPass" time="0.198" classname="es.payvision.tests.TestAuthorizationRequest"/>
  <testcase name="TestGetBasicAuthWrongUser" time="0.214" classname="es.payvision.tests.TestAuthorizationRequest"/>
  <testcase name="TestGetBasicAuthValidUserPassword" time="1.479" classname="es.payvision.tests.TestAuthorizationRequest"/>
  <testcase name="TestGetNoAuth" time="0.733" classname="es.payvision.tests.TestAuthorizationRequest"/>
</testsuite> <!-- es.payvision.tests.TestAuthorizationRequest -->
